<?xml version="1.0" encoding="UTF-8"?>
<!-- Generated by org.testng.reporters.JUnitXMLReporter -->
<testsuite hostname="DESKTOP-0RHT491" ignored="2" name="Command line test" tests="1" failures="1" timestamp="2019-11-09T12:12:19 CST" time="0.096" errors="0">
  <testcase name="validationTest" time="0.004" classname="com.qaminds.testget_apptive.IntroductionTest">
    <failure type="java.lang.NullPointerException">
      <![CDATA[java.lang.NullPointerException
at java.util.Objects.requireNonNull(Objects.java:203)
at org.openqa.selenium.support.ui.FluentWait.<init>(FluentWait.java:106)
at org.openqa.selenium.support.ui.WebDriverWait.<init>(WebDriverWait.java:85)
at org.openqa.selenium.support.ui.WebDriverWait.<init>(WebDriverWait.java:45)
at com.qaminds.pages.BasePage.<init>(BasePage.java:19)
at com.qaminds.pages.IntroductionPage.<init>(IntroductionPage.java:10)
at com.qaminds.testget_apptive.IntroductionTest.validationTest(IntroductionTest.java:14)
at java.util.ArrayList.forEach(ArrayList.java:1257)
... Removed 37 stack frames]]>
    </failure>
  </testcase> <!-- validationTest -->
  <testcase name="@BeforeSuite chargeDriver" time="0.0" classname="com.qaminds.testget_apptive.BaseTest">
    <ignored/>
  </testcase> <!-- @BeforeSuite chargeDriver -->
  <testcase name="@AfterSuite finishDriver" time="0.0" classname="com.qaminds.testget_apptive.BaseTest">
    <ignored/>
  </testcase> <!-- @AfterSuite finishDriver -->
</testsuite> <!-- Command line test -->
