<?xml version="1.0" encoding="UTF-8" ?>
<testsuite tests="1" failures="1" name="TestSuite" time="0.029" errors="0" skipped="0">
  <properties>
[...]
</properties>
  <testcase classname="com.qaminds.testget_apptive.IntroductionTest" name="validationTest" time="0.029">
    <failure type="java.lang.NullPointerException">java.lang.NullPointerException
	at java.util.Objects.requireNonNull(Objects.java:203)
	at org.openqa.selenium.support.ui.FluentWait.&lt;init&gt;(FluentWait.java:106)
	at org.openqa.selenium.support.ui.WebDriverWait.&lt;init&gt;(WebDriverWait.java:85)
	at org.openqa.selenium.support.ui.WebDriverWait.&lt;init&gt;(WebDriverWait.java:45)
	at com.qaminds.pages.BasePage.&lt;init&gt;(BasePage.java:19)
	at com.qaminds.pages.IntroductionPage.&lt;init&gt;(IntroductionPage.java:10)
	at com.qaminds.testget_apptive.IntroductionTest.validationTest(IntroductionTest.java:14)
</failure>
    <system-out>Configuring TestNG with: org.apache.maven.surefire.testng.conf.TestNG652Configurator@3f102e87
se carga el driver
si entra
caps Capabilities {app: C:\Users\52951\eclipse-work..., appActivity: com.tekiti.getapptive.Splas..., appPackage: com.tekiti.getapptive, autoGrantPermissions: true, deviceName: emulator-5554, platformName: Android, platformVersion: 9}
io.appium.java_client.android.AndroidDriver, Capabilities: {app=C:\Users\52951\eclipse-workspace\testget_apptive\src\test\resources\apps\get_apptive.apk, appActivity=com.tekiti.getapptive.SplashActivity, appPackage=com.tekiti.getapptive, autoGrantPermissions=true, databaseEnabled=false, desired={platformName=android, app=C:\Users\52951\eclipse-workspace\testget_apptive\src\test\resources\apps\get_apptive.apk, appActivity=com.tekiti.getapptive.SplashActivity, appPackage=com.tekiti.getapptive, autoGrantPermissions=true, deviceName=emulator-5554, platformVersion=9}, deviceManufacturer=Google, deviceModel=Android SDK built for x86, deviceName=emulator-5554, deviceScreenSize=1440x2560, deviceUDID=emulator-5554, javascriptEnabled=true, locationContextEnabled=false, networkConnectionEnabled=true, platform=LINUX, platformName=Android, platformVersion=9, takesScreenshot=true, warnings={}, webStorageEnabled=false}
{build={version=1.13.0}}
com.qaminds.coreappium.MyDriverAppium@28261e8e
get in validationTest com.qaminds.coreappium.MyDriverAppium@25be7b63
llega al BasePage
</system-out>
    <system-err>nov 09, 2019 12:12:18 PM io.appium.java_client.remote.AppiumCommandExecutor$1 lambda$0
INFORMACIÓN: Detected dialect: W3C
</system-err>
  </testcase>
</testsuite>