<?xml version="1.0" encoding="UTF-8"?>
<testng-results skipped="0" failed="0" ignored="0" total="1" passed="1">
  <reporter-output>
  </reporter-output>
  <suite name="mySuiteApptive" duration-ms="42365" started-at="2019-12-06T21:10:04 CST" finished-at="2019-12-06T21:10:46 CST">
    <groups>
    </groups>
    <test name="mySuiteApp_tive" duration-ms="42365" started-at="2019-12-06T21:10:04 CST" finished-at="2019-12-06T21:10:46 CST">
      <class name="com.qaminds.testget_apptive.IntroductionTest">
        <test-method status="PASS" signature="chargeDriver()[pri:0, instance:com.qaminds.testget_apptive.IntroductionTest@78c03f1f]" name="chargeDriver" is-config="true" duration-ms="16644" started-at="2019-12-06T21:09:47 CST" finished-at="2019-12-06T21:10:04 CST">
          <reporter-output>
          </reporter-output>
        </test-method> <!-- chargeDriver -->
        <test-method status="PASS" signature="validationTest()[pri:0, instance:com.qaminds.testget_apptive.IntroductionTest@78c03f1f]" name="validationTest" duration-ms="42302" started-at="2019-12-06T21:10:04 CST" finished-at="2019-12-06T21:10:46 CST">
          <reporter-output>
          </reporter-output>
        </test-method> <!-- validationTest -->
        <test-method status="PASS" signature="finishDriver()[pri:0, instance:com.qaminds.testget_apptive.IntroductionTest@78c03f1f]" name="finishDriver" is-config="true" duration-ms="4914" started-at="2019-12-06T21:10:46 CST" finished-at="2019-12-06T21:10:51 CST">
          <reporter-output>
          </reporter-output>
        </test-method> <!-- finishDriver -->
      </class> <!-- com.qaminds.testget_apptive.IntroductionTest -->
    </test> <!-- mySuiteApp_tive -->
  </suite> <!-- mySuiteApptive -->
</testng-results>
